96.02.24 08:42 B C:\M3TMP\NA\M3NA\SRC\xbits.i3 --> ftp.eskimo.com /u/u3/h/hgeorge/public_html/m3na xbits.i3
96.02.24 08:42 B C:\M3TMP\NA\M3NA\SRC\xbits.m3 --> ftp.eskimo.com /u/u3/h/hgeorge/public_html/m3na xbits.m3
96.02.24 08:42 B C:\M3TMP\NA\M3NA\SRC\xcmplx.i3 --> ftp.eskimo.com /u/u3/h/hgeorge/public_html/m3na xcmplx.i3
96.02.24 08:42 B C:\M3TMP\NA\M3NA\SRC\xcmplx.m3 --> ftp.eskimo.com /u/u3/h/hgeorge/public_html/m3na xcmplx.m3
96.02.24 08:42 B C:\M3TMP\NA\M3NA\SRC\xinteger.i3 --> ftp.eskimo.com /u/u3/h/hgeorge/public_html/m3na xinteger.i3
96.02.24 08:42 B C:\M3TMP\NA\M3NA\SRC\xinteger.m3 --> ftp.eskimo.com /u/u3/h/hgeorge/public_html/m3na xinteger.m3
96.02.24 08:42 B C:\M3TMP\NA\M3NA\SRC\xinterp.i3 --> ftp.eskimo.com /u/u3/h/hgeorge/public_html/m3na xinterp.i3
96.02.24 08:42 B C:\M3TMP\NA\M3NA\SRC\xinterp.m3 --> ftp.eskimo.com /u/u3/h/hgeorge/public_html/m3na xinterp.m3
96.02.24 08:43 B C:\M3TMP\NA\M3NA\SRC\xmat.i3 --> ftp.eskimo.com /u/u3/h/hgeorge/public_html/m3na xmat.i3
96.02.24 08:43 B C:\M3TMP\NA\M3NA\SRC\xmat.m3 --> ftp.eskimo.com /u/u3/h/hgeorge/public_html/m3na xmat.m3
96.02.24 08:43 B C:\M3TMP\NA\M3NA\SRC\xpoly.i3 --> ftp.eskimo.com /u/u3/h/hgeorge/public_html/m3na xpoly.i3
96.02.24 08:43 B C:\M3TMP\NA\M3NA\SRC\xpoly.m3 --> ftp.eskimo.com /u/u3/h/hgeorge/public_html/m3na xpoly.m3
96.02.24 08:43 B C:\M3TMP\NA\M3NA\SRC\xreal32.i3 --> ftp.eskimo.com /u/u3/h/hgeorge/public_html/m3na xreal32.i3
96.02.24 08:43 B C:\M3TMP\NA\M3NA\SRC\xreal32.m3 --> ftp.eskimo.com /u/u3/h/hgeorge/public_html/m3na xreal32.m3
96.02.24 08:43 B C:\M3TMP\NA\M3NA\SRC\xreal64.i3 --> ftp.eskimo.com /u/u3/h/hgeorge/public_html/m3na xreal64.i3
96.02.24 08:43 B C:\M3TMP\NA\M3NA\SRC\xreal64.m3 --> ftp.eskimo.com /u/u3/h/hgeorge/public_html/m3na xreal64.m3
96.02.24 08:43 B C:\M3TMP\NA\M3NA\SRC\xroot.i3 --> ftp.eskimo.com /u/u3/h/hgeorge/public_html/m3na xroot.i3
96.02.24 08:44 B C:\M3TMP\NA\M3NA\SRC\xroot.m3 --> ftp.eskimo.com /u/u3/h/hgeorge/public_html/m3na xroot.m3
96.02.24 08:44 B C:\M3TMP\NA\M3NA\SRC\xsle.i3 --> ftp.eskimo.com /u/u3/h/hgeorge/public_html/m3na xsle.i3
96.02.24 08:44 B C:\M3TMP\NA\M3NA\SRC\xsle.m3 --> ftp.eskimo.com /u/u3/h/hgeorge/public_html/m3na xsle.m3
96.02.24 08:44 B C:\M3TMP\NA\M3NA\SRC\xspecftn.m3 --> ftp.eskimo.com /u/u3/h/hgeorge/public_html/m3na xspecftn.m3
96.02.24 08:44 B C:\M3TMP\NA\M3NA\SRC\xutils.i3 --> ftp.eskimo.com /u/u3/h/hgeorge/public_html/m3na xutils.i3
96.02.24 08:44 B C:\M3TMP\NA\M3NA\SRC\xutils.m3 --> ftp.eskimo.com /u/u3/h/hgeorge/public_html/m3na xutils.m3
96.02.24 08:46 B C:\M3TMP\NA\M3NA\SRC\xvect.i3 --> ftp.eskimo.com /u/u3/h/hgeorge/public_html/m3na xvect.i3
96.02.24 08:46 B C:\M3TMP\NA\M3NA\SRC\xvect.m3 --> ftp.eskimo.com /u/u3/h/hgeorge/public_html/m3na xvect.m3
96.03.04 16:09 B C:\M3TMP\NA\M3NA\SRC\xbits.i3 --> ftp.eskimo.com /u/u3/h/hgeorge/public_html/m3na xbits.i3
96.03.04 16:09 B C:\M3TMP\NA\M3NA\SRC\xbits.m3 --> ftp.eskimo.com /u/u3/h/hgeorge/public_html/m3na xbits.m3
96.03.11 04:33 B C:\M3TMP\NA\M3NA\SRC\xbits.i3 --> ftp.eskimo.com /u/u5/h/hgeorge/public_html/m3na xbits.i3
96.03.11 04:33 B C:\M3TMP\NA\M3NA\SRC\xbits.m3 --> ftp.eskimo.com /u/u5/h/hgeorge/public_html/m3na xbits.m3
96.03.11 04:33 B C:\M3TMP\NA\M3NA\SRC\xcmplx.i3 --> ftp.eskimo.com /u/u5/h/hgeorge/public_html/m3na xcmplx.i3
96.03.11 04:33 B C:\M3TMP\NA\M3NA\SRC\xcmplx.m3 --> ftp.eskimo.com /u/u5/h/hgeorge/public_html/m3na xcmplx.m3
96.03.11 04:33 B C:\M3TMP\NA\M3NA\SRC\xinteger.i3 --> ftp.eskimo.com /u/u5/h/hgeorge/public_html/m3na xinteger.i3
96.03.11 04:33 B C:\M3TMP\NA\M3NA\SRC\xinteger.m3 --> ftp.eskimo.com /u/u5/h/hgeorge/public_html/m3na xinteger.m3
96.03.11 04:33 B C:\M3TMP\NA\M3NA\SRC\xinterp.i3 --> ftp.eskimo.com /u/u5/h/hgeorge/public_html/m3na xinterp.i3
96.03.11 04:33 B C:\M3TMP\NA\M3NA\SRC\xinterp.m3 --> ftp.eskimo.com /u/u5/h/hgeorge/public_html/m3na xinterp.m3
96.03.11 04:33 B C:\M3TMP\NA\M3NA\SRC\xmat.i3 --> ftp.eskimo.com /u/u5/h/hgeorge/public_html/m3na xmat.i3
96.03.11 04:33 B C:\M3TMP\NA\M3NA\SRC\xmat.m3 --> ftp.eskimo.com /u/u5/h/hgeorge/public_html/m3na xmat.m3
96.03.11 04:33 B C:\M3TMP\NA\M3NA\SRC\xpoly.i3 --> ftp.eskimo.com /u/u5/h/hgeorge/public_html/m3na xpoly.i3
96.03.11 04:34 B C:\M3TMP\NA\M3NA\SRC\xpoly.m3 --> ftp.eskimo.com /u/u5/h/hgeorge/public_html/m3na xpoly.m3
96.03.11 04:34 B C:\M3TMP\NA\M3NA\SRC\xprime.i3 --> ftp.eskimo.com /u/u5/h/hgeorge/public_html/m3na xprime.i3
96.03.11 04:34 B C:\M3TMP\NA\M3NA\SRC\xprime.m3 --> ftp.eskimo.com /u/u5/h/hgeorge/public_html/m3na xprime.m3
96.03.11 04:34 B C:\M3TMP\NA\M3NA\SRC\xreal32.i3 --> ftp.eskimo.com /u/u5/h/hgeorge/public_html/m3na xreal32.i3
96.03.11 04:34 B C:\M3TMP\NA\M3NA\SRC\xreal32.m3 --> ftp.eskimo.com /u/u5/h/hgeorge/public_html/m3na xreal32.m3
96.03.11 04:35 B C:\M3TMP\NA\M3NA\SRC\xreal64.i3 --> ftp.eskimo.com /u/u5/h/hgeorge/public_html/m3na xreal64.i3
96.03.11 04:35 B C:\M3TMP\NA\M3NA\SRC\xreal64.m3 --> ftp.eskimo.com /u/u5/h/hgeorge/public_html/m3na xreal64.m3
96.03.11 04:35 B C:\M3TMP\NA\M3NA\SRC\xroot.i3 --> ftp.eskimo.com /u/u5/h/hgeorge/public_html/m3na xroot.i3
96.03.11 04:35 B C:\M3TMP\NA\M3NA\SRC\xroot.m3 --> ftp.eskimo.com /u/u5/h/hgeorge/public_html/m3na xroot.m3
96.03.11 04:35 B C:\M3TMP\NA\M3NA\SRC\xsle.i3 --> ftp.eskimo.com /u/u5/h/hgeorge/public_html/m3na xsle.i3
96.03.11 04:35 B C:\M3TMP\NA\M3NA\SRC\xsle.m3 --> ftp.eskimo.com /u/u5/h/hgeorge/public_html/m3na xsle.m3
96.03.11 04:35 B C:\M3TMP\NA\M3NA\SRC\xspecftn.m3 --> ftp.eskimo.com /u/u5/h/hgeorge/public_html/m3na xspecftn.m3
96.03.11 04:35 B C:\M3TMP\NA\M3NA\SRC\xutils.i3 --> ftp.eskimo.com /u/u5/h/hgeorge/public_html/m3na xutils.i3
96.03.11 04:35 B C:\M3TMP\NA\M3NA\SRC\xutils.m3 --> ftp.eskimo.com /u/u5/h/hgeorge/public_html/m3na xutils.m3
96.03.11 04:35 B C:\M3TMP\NA\M3NA\SRC\xvect.i3 --> ftp.eskimo.com /u/u5/h/hgeorge/public_html/m3na xvect.i3
96.03.11 04:35 B C:\M3TMP\NA\M3NA\SRC\xvect.m3 --> ftp.eskimo.com /u/u5/h/hgeorge/public_html/m3na xvect.m3
96.03.17 15:31 B C:\M3TMP\NA\M3NA\SRC\xrand.i3 --> ftp.eskimo.com /u/u5/h/hgeorge/public_html/m3na xrand.i3
96.03.17 15:32 B C:\M3TMP\NA\M3NA\SRC\xrand.m3 --> ftp.eskimo.com /u/u5/h/hgeorge/public_html/m3na xrand.m3
96.03.17 15:32 B C:\M3TMP\NA\M3NA\SRC\xreal64.i3 --> ftp.eskimo.com /u/u5/h/hgeorge/public_html/m3na xreal64.i3
96.03.17 15:32 B C:\M3TMP\NA\M3NA\SRC\xreal64.m3 --> ftp.eskimo.com /u/u5/h/hgeorge/public_html/m3na xreal64.m3
96.03.17 15:32 B C:\M3TMP\NA\M3NA\SRC\xspecftn.m3 --> ftp.eskimo.com /u/u5/h/hgeorge/public_html/m3na xspecftn.m3
96.03.17 15:32 B C:\M3TMP\NA\M3NA\SRC\xstat.i3 --> ftp.eskimo.com /u/u5/h/hgeorge/public_html/m3na xstat.i3
96.03.17 15:32 B C:\M3TMP\NA\M3NA\SRC\xstat.m3 --> ftp.eskimo.com /u/u5/h/hgeorge/public_html/m3na xstat.m3
96.03.23 21:59 B C:\M3TMP\NA\M3NA\SRC\xcmplx.i3 --> ftp.eskimo.com /u/u5/h/hgeorge/public_html/m3na xcmplx.i3
96.03.23 22:00 B C:\M3TMP\NA\M3NA\SRC\xfft.i3 --> ftp.eskimo.com /u/u5/h/hgeorge/public_html/m3na xfft.i3
96.03.23 22:00 B C:\M3TMP\NA\M3NA\SRC\xrand.i3 --> ftp.eskimo.com /u/u5/h/hgeorge/public_html/m3na xrand.i3
96.03.23 22:00 B C:\M3TMP\NA\M3NA\SRC\xrandp.i3 --> ftp.eskimo.com /u/u5/h/hgeorge/public_html/m3na xrandp.i3
96.03.23 22:00 B C:\M3TMP\NA\M3NA\SRC\xrng01.i3 --> ftp.eskimo.com /u/u5/h/hgeorge/public_html/m3na xrng01.i3
96.03.23 22:00 B C:\M3TMP\NA\M3NA\SRC\xrng02.i3 --> ftp.eskimo.com /u/u5/h/hgeorge/public_html/m3na xrng02.i3
96.03.23 22:00 B C:\M3TMP\NA\M3NA\SRC\xwordex.i3 --> ftp.eskimo.com /u/u5/h/hgeorge/public_html/m3na xwordex.i3
96.03.23 22:01 B C:\M3TMP\NA\M3NA\SRC\xcmplx.m3 --> ftp.eskimo.com /u/u5/h/hgeorge/public_html/m3na xcmplx.m3
96.03.23 22:01 B C:\M3TMP\NA\M3NA\SRC\xfft.m3 --> ftp.eskimo.com /u/u5/h/hgeorge/public_html/m3na xfft.m3
96.03.23 22:01 B C:\M3TMP\NA\M3NA\SRC\xrand.m3 --> ftp.eskimo.com /u/u5/h/hgeorge/public_html/m3na xrand.m3
96.03.23 22:02 B C:\M3TMP\NA\M3NA\SRC\xrng01.m3 --> ftp.eskimo.com /u/u5/h/hgeorge/public_html/m3na xrng01.m3
96.03.23 22:02 B C:\M3TMP\NA\M3NA\SRC\xrng02.m3 --> ftp.eskimo.com /u/u5/h/hgeorge/public_html/m3na xrng02.m3
96.03.23 22:03 B C:\M3TMP\NA\M3NA\SRC\xwordex.m3 --> ftp.eskimo.com /u/u5/h/hgeorge/public_html/m3na xwordex.m3
